<?xml version="1.0" encoding="UTF-8"?>
<robot generator="Robot 5.0 (Python 3.7.9 on win32)" generated="20220627 14:59:23.692" rpa="false" schemaversion="3">
<suite id="s1" name="resourcesUsedTC" source="C:\Users\ett19809\PycharmProjects\Demo_Project_RobotFramework\Tests\resourcesUsedTC.robot">
<kw name="Insert Testing data" library="Common" type="SETUP">
<kw name="Log" library="BuiltIn">
<arg>setting up test data...</arg>
<doc>Logs the given message with the given level.</doc>
<msg timestamp="20220627 14:59:24.163" level="INFO">setting up test data...</msg>
<status status="PASS" starttime="20220627 14:59:24.163" endtime="20220627 14:59:24.163"/>
</kw>
<kw name="keyword1" library="Common">
<kw name="Log" library="BuiltIn">
<arg>keyword1...</arg>
<doc>Logs the given message with the given level.</doc>
<msg timestamp="20220627 14:59:24.163" level="INFO">keyword1...</msg>
<status status="PASS" starttime="20220627 14:59:24.163" endtime="20220627 14:59:24.163"/>
</kw>
<status status="PASS" starttime="20220627 14:59:24.163" endtime="20220627 14:59:24.163"/>
</kw>
<status status="PASS" starttime="20220627 14:59:24.163" endtime="20220627 14:59:24.163"/>
</kw>
<test id="s1-t1" name="Other test case" line="24">
<kw name="Begin webtest" library="Common" type="SETUP">
<kw name="Open Browser" library="SeleniumLibrary">
<arg>${URL}</arg>
<arg>${BROWSER}</arg>
<doc>Opens a new browser instance to the optional ``url``.</doc>
<msg timestamp="20220627 14:59:24.167" level="INFO">Opening browser 'chrome' to base url 'https://www.google.com'.</msg>
<status status="PASS" starttime="20220627 14:59:24.167" endtime="20220627 14:59:27.168"/>
</kw>
<kw name="Maximize Browser Window" library="SeleniumLibrary">
<doc>Maximizes current browser window.</doc>
<status status="PASS" starttime="20220627 14:59:27.168" endtime="20220627 14:59:27.309"/>
</kw>
<status status="PASS" starttime="20220627 14:59:24.167" endtime="20220627 14:59:27.309"/>
</kw>
<kw name="Search for products" library="Amazon">
<doc>Here one object model has been used as example</doc>
<kw name="Sleep" library="BuiltIn">
<arg>3s</arg>
<doc>Pauses the test executed for the given time.</doc>
<msg timestamp="20220627 14:59:30.317" level="INFO">Slept 3 seconds</msg>
<status status="PASS" starttime="20220627 14:59:27.313" endtime="20220627 14:59:30.317"/>
</kw>
<kw name="Click Button" library="SeleniumLibrary">
<arg>id=sp-cc-accept</arg>
<doc>Clicks the button identified by ``locator``.</doc>
<msg timestamp="20220627 14:59:30.317" level="INFO">Clicking button 'id=sp-cc-accept'.</msg>
<msg timestamp="20220627 14:59:30.517" level="INFO" html="true">&lt;/td&gt;&lt;/tr&gt;&lt;tr&gt;&lt;td colspan="3"&gt;&lt;a href="selenium-screenshot-1.png"&gt;&lt;img src="selenium-screenshot-1.png" width="800px"&gt;&lt;/a&gt;</msg>
<msg timestamp="20220627 14:59:30.521" level="FAIL">Button with locator 'id=sp-cc-accept' not found.</msg>
<status status="FAIL" starttime="20220627 14:59:30.317" endtime="20220627 14:59:30.568"/>
</kw>
<kw name="Write product name and click" library="TopNav">
<status status="NOT RUN" starttime="20220627 14:59:30.568" endtime="20220627 14:59:30.568"/>
</kw>
<kw name="Sleep" library="BuiltIn">
<arg>3s</arg>
<doc>Pauses the test executed for the given time.</doc>
<status status="NOT RUN" starttime="20220627 14:59:30.568" endtime="20220627 14:59:30.572"/>
</kw>
<kw name="Wait Until Element Is Visible" library="SeleniumLibrary">
<arg>xpath=//span[contains(text(),'Chevron Full Zip Hoodie NBA Back Cut Team Colour Contrast Zip Hoodie')]</arg>
<doc>Waits until the element ``locator`` is visible.</doc>
<status status="NOT RUN" starttime="20220627 14:59:30.572" endtime="20220627 14:59:30.572"/>
</kw>
<status status="FAIL" starttime="20220627 14:59:27.313" endtime="20220627 14:59:30.572"/>
</kw>
<kw name="End webtest" library="Common" type="TEARDOWN">
<kw name="Close Browser" library="SeleniumLibrary">
<doc>Closes the current browser.</doc>
<status status="PASS" starttime="20220627 14:59:30.572" endtime="20220627 14:59:32.745"/>
</kw>
<status status="PASS" starttime="20220627 14:59:30.572" endtime="20220627 14:59:32.745"/>
</kw>
<doc>This has been generated to test test setup and test teardown</doc>
<tag>cmd</tag>
<status status="FAIL" starttime="20220627 14:59:24.163" endtime="20220627 14:59:32.745">Button with locator 'id=sp-cc-accept' not found.</status>
</test>
<kw name="Cleanup Testing data" library="Common" type="TEARDOWN">
<kw name="Log" library="BuiltIn">
<arg>clearing test data...</arg>
<doc>Logs the given message with the given level.</doc>
<msg timestamp="20220627 14:59:32.752" level="INFO">clearing test data...</msg>
<status status="PASS" starttime="20220627 14:59:32.752" endtime="20220627 14:59:32.752"/>
</kw>
<status status="PASS" starttime="20220627 14:59:32.752" endtime="20220627 14:59:32.752"/>
</kw>
<status status="FAIL" starttime="20220627 14:59:23.694" endtime="20220627 14:59:32.752"/>
</suite>
<statistics>
<total>
<stat pass="0" fail="1" skip="0">All Tests</stat>
</total>
<tag>
<stat pass="0" fail="1" skip="0">cmd</stat>
</tag>
<suite>
<stat pass="0" fail="1" skip="0" id="s1" name="resourcesUsedTC">resourcesUsedTC</stat>
</suite>
</statistics>
<errors>
</errors>
</robot>
