<?xml version="1.0" encoding="UTF-8"?>
<robot generator="Robot 5.0 (Python 3.7.9 on win32)" generated="20220708 11:46:42.493" rpa="false" schemaversion="3">
<suite id="s1" name="Item added" source="C:\Users\ett19809\PycharmProjects\Demo_Project_RobotFramework\Tests\Item_added.robot">
<test id="s1-t1" name="Should be able to search for product" line="6">
<kw name="Open Browser" library="SeleniumLibrary">
<arg>https://www.amazon.de/-/en/ref=nav_logo</arg>
<arg>chrome</arg>
<doc>Opens a new browser instance to the optional ``url``.</doc>
<msg timestamp="20220708 11:46:43.401" level="INFO">Opening browser 'chrome' to base url 'https://www.amazon.de/-/en/ref=nav_logo'.</msg>
<status status="PASS" starttime="20220708 11:46:43.391" endtime="20220708 11:46:46.871"/>
</kw>
<kw name="Maximize Browser Window" library="SeleniumLibrary">
<doc>Maximizes current browser window.</doc>
<status status="PASS" starttime="20220708 11:46:46.878" endtime="20220708 11:46:47.002"/>
</kw>
<kw name="Sleep" library="BuiltIn">
<arg>3s</arg>
<doc>Pauses the test executed for the given time.</doc>
<msg timestamp="20220708 11:46:50.008" level="INFO">Slept 3 seconds</msg>
<status status="PASS" starttime="20220708 11:46:47.002" endtime="20220708 11:46:50.008"/>
</kw>
<kw name="Click Button" library="SeleniumLibrary">
<arg>id=sp-cc-accept</arg>
<doc>Clicks the button identified by ``locator``.</doc>
<msg timestamp="20220708 11:46:50.009" level="INFO">Clicking button 'id=sp-cc-accept'.</msg>
<status status="PASS" starttime="20220708 11:46:50.009" endtime="20220708 11:46:50.114"/>
</kw>
<kw name="Input Text" library="SeleniumLibrary">
<arg>id=twotabsearchtextbox</arg>
<arg>Nba hoodie zipper</arg>
<doc>Types the given ``text`` into the text field identified by ``locator``.</doc>
<msg timestamp="20220708 11:46:50.115" level="INFO">Typing text 'Nba hoodie zipper' into text field 'id=twotabsearchtextbox'.</msg>
<status status="PASS" starttime="20220708 11:46:50.115" endtime="20220708 11:46:50.320"/>
</kw>
<kw name="Click Button" library="SeleniumLibrary">
<arg>xpath=//input[@id='nav-search-submit-button']</arg>
<doc>Clicks the button identified by ``locator``.</doc>
<msg timestamp="20220708 11:46:50.320" level="INFO">Clicking button 'xpath=//input[@id='nav-search-submit-button']'.</msg>
<status status="PASS" starttime="20220708 11:46:50.320" endtime="20220708 11:46:51.905"/>
</kw>
<kw name="Sleep" library="BuiltIn">
<arg>3s</arg>
<doc>Pauses the test executed for the given time.</doc>
<msg timestamp="20220708 11:46:54.917" level="INFO">Slept 3 seconds</msg>
<status status="PASS" starttime="20220708 11:46:51.907" endtime="20220708 11:46:54.917"/>
</kw>
<kw name="Wait Until Element Is Visible" library="SeleniumLibrary">
<arg>xpath=//*[@id="search"]/div[1]/div[1]/div/span[3]/div[2]/div[5]/div/div/div/div/div[2]/div[1]/h2/a/span</arg>
<doc>Waits until the element ``locator`` is visible.</doc>
<status status="PASS" starttime="20220708 11:46:54.917" endtime="20220708 11:46:54.986"/>
</kw>
<kw name="Click Element" library="SeleniumLibrary">
<arg>xpath=//*[@id="search"]/div[1]/div[1]/div/span[3]/div[2]/div[5]/div/div/div/div/div[2]/div[1]/h2/a/span</arg>
<doc>Click the element identified by ``locator``.</doc>
<msg timestamp="20220708 11:46:54.986" level="INFO">Clicking element 'xpath=//*[@id="search"]/div[1]/div[1]/div/span[3]/div[2]/div[5]/div/div/div/div/div[2]/div[1]/h2/a/span'.</msg>
<status status="PASS" starttime="20220708 11:46:54.986" endtime="20220708 11:46:57.936"/>
</kw>
<kw name="Wait Until Page Contains Element" library="SeleniumLibrary">
<arg>id=add-to-cart-button</arg>
<doc>Waits until the element ``locator`` appears on the current page.</doc>
<status status="PASS" starttime="20220708 11:46:57.939" endtime="20220708 11:46:57.955"/>
</kw>
<kw name="Click Element" library="SeleniumLibrary">
<arg>xpath=//a[@class='a-button-text a-text-left']</arg>
<doc>Click the element identified by ``locator``.</doc>
<msg timestamp="20220708 11:46:57.955" level="INFO">Clicking element 'xpath=//a[@class='a-button-text a-text-left']'.</msg>
<status status="PASS" starttime="20220708 11:46:57.955" endtime="20220708 11:46:58.615"/>
</kw>
<kw name="Wait Until Page Contains" library="SeleniumLibrary">
<arg>Sign In</arg>
<doc>Waits until ``text`` appears on the current page.</doc>
<status status="PASS" starttime="20220708 11:46:58.615" endtime="20220708 11:46:58.639"/>
</kw>
<kw name="Close Browser" library="SeleniumLibrary">
<doc>Closes the current browser.</doc>
<status status="PASS" starttime="20220708 11:46:58.639" endtime="20220708 11:47:01.105"/>
</kw>
<tag>addItem</tag>
<status status="PASS" starttime="20220708 11:46:43.391" endtime="20220708 11:47:01.105"/>
</test>
<status status="PASS" starttime="20220708 11:46:42.493" endtime="20220708 11:47:01.110"/>
</suite>
<statistics>
<total>
<stat pass="1" fail="0" skip="0">All Tests</stat>
</total>
<tag>
<stat pass="1" fail="0" skip="0">addItem</stat>
</tag>
<suite>
<stat pass="1" fail="0" skip="0" id="s1" name="Item added">Item added</stat>
</suite>
</statistics>
<errors>
</errors>
</robot>
