<?xml version="1.0" encoding="UTF-8"?>
<robot generator="Robot 5.0 (Python 3.7.9 on win32)" generated="20220617 11:57:46.320" rpa="false" schemaversion="3">
<suite id="s1" name="Item added" source="C:\Users\ett19809\PycharmProjects\Demo_Project_RobotFramework\Tests\Item_added.robot">
<test id="s1-t1" name="Should be able to search for product" line="6">
<kw name="Open Browser" library="SeleniumLibrary">
<arg>https://www.amazon.de/-/en/ref=nav_logo</arg>
<arg>chrome</arg>
<doc>Opens a new browser instance to the optional ``url``.</doc>
<msg timestamp="20220617 11:57:47.504" level="INFO">Opening browser 'chrome' to base url 'https://www.amazon.de/-/en/ref=nav_logo'.</msg>
<status status="PASS" starttime="20220617 11:57:47.504" endtime="20220617 11:57:52.375"/>
</kw>
<kw name="Maximize Browser Window" library="SeleniumLibrary">
<doc>Maximizes current browser window.</doc>
<status status="PASS" starttime="20220617 11:57:52.378" endtime="20220617 11:57:52.510"/>
</kw>
<kw name="Sleep" library="BuiltIn">
<arg>3s</arg>
<doc>Pauses the test executed for the given time.</doc>
<msg timestamp="20220617 11:57:55.522" level="INFO">Slept 3 seconds</msg>
<status status="PASS" starttime="20220617 11:57:52.510" endtime="20220617 11:57:55.522"/>
</kw>
<kw name="Click Button" library="SeleniumLibrary">
<arg>id=sp-cc-accept</arg>
<doc>Clicks the button identified by ``locator``.</doc>
<msg timestamp="20220617 11:57:55.522" level="INFO">Clicking button 'id=sp-cc-accept'.</msg>
<status status="PASS" starttime="20220617 11:57:55.522" endtime="20220617 11:57:55.690"/>
</kw>
<kw name="Input Text" library="SeleniumLibrary">
<arg>id=twotabsearchtextbox</arg>
<arg>Nba hoodie zipper</arg>
<doc>Types the given ``text`` into the text field identified by ``locator``.</doc>
<msg timestamp="20220617 11:57:55.690" level="INFO">Typing text 'Nba hoodie zipper' into text field 'id=twotabsearchtextbox'.</msg>
<status status="PASS" starttime="20220617 11:57:55.690" endtime="20220617 11:57:55.892"/>
</kw>
<kw name="Click Button" library="SeleniumLibrary">
<arg>xpath=//input[@id='nav-search-submit-button']</arg>
<doc>Clicks the button identified by ``locator``.</doc>
<msg timestamp="20220617 11:57:55.900" level="INFO">Clicking button 'xpath=//input[@id='nav-search-submit-button']'.</msg>
<status status="PASS" starttime="20220617 11:57:55.900" endtime="20220617 11:57:57.531"/>
</kw>
<kw name="Sleep" library="BuiltIn">
<arg>3s</arg>
<doc>Pauses the test executed for the given time.</doc>
<msg timestamp="20220617 11:58:00.542" level="INFO">Slept 3 seconds</msg>
<status status="PASS" starttime="20220617 11:57:57.534" endtime="20220617 11:58:00.542"/>
</kw>
<kw name="Wait Until Element Is Visible" library="SeleniumLibrary">
<arg>xpath=//*[@id="search"]/div[1]/div[1]/div/span[3]/div[2]/div[5]/div/div/div/div/div[2]/div[1]/h2/a/span</arg>
<doc>Waits until the element ``locator`` is visible.</doc>
<status status="PASS" starttime="20220617 11:58:00.542" endtime="20220617 11:58:00.659"/>
</kw>
<kw name="Click Element" library="SeleniumLibrary">
<arg>xpath=//*[@id="search"]/div[1]/div[1]/div/span[3]/div[2]/div[5]/div/div/div/div/div[2]/div[1]/h2/a/span</arg>
<doc>Click the element identified by ``locator``.</doc>
<msg timestamp="20220617 11:58:00.659" level="INFO">Clicking element 'xpath=//*[@id="search"]/div[1]/div[1]/div/span[3]/div[2]/div[5]/div/div/div/div/div[2]/div[1]/h2/a/span'.</msg>
<status status="PASS" starttime="20220617 11:58:00.659" endtime="20220617 11:58:03.207"/>
</kw>
<kw name="Wait Until Page Contains Element" library="SeleniumLibrary">
<arg>id=add-to-cart-button</arg>
<doc>Waits until the element ``locator`` appears on the current page.</doc>
<status status="PASS" starttime="20220617 11:58:03.207" endtime="20220617 11:58:03.237"/>
</kw>
<kw name="Click Element" library="SeleniumLibrary">
<arg>xpath=//a[@class='a-button-text a-text-left']</arg>
<doc>Click the element identified by ``locator``.</doc>
<msg timestamp="20220617 11:58:03.237" level="INFO">Clicking element 'xpath=//a[@class='a-button-text a-text-left']'.</msg>
<status status="PASS" starttime="20220617 11:58:03.237" endtime="20220617 11:58:04.080"/>
</kw>
<kw name="Wait Until Page Contains" library="SeleniumLibrary">
<arg>Sign In</arg>
<doc>Waits until ``text`` appears on the current page.</doc>
<status status="PASS" starttime="20220617 11:58:04.081" endtime="20220617 11:58:04.114"/>
</kw>
<kw name="Close Browser" library="SeleniumLibrary">
<doc>Closes the current browser.</doc>
<status status="PASS" starttime="20220617 11:58:04.114" endtime="20220617 11:58:06.513"/>
</kw>
<tag>addItem</tag>
<status status="PASS" starttime="20220617 11:57:47.504" endtime="20220617 11:58:06.513"/>
</test>
<status status="PASS" starttime="20220617 11:57:46.330" endtime="20220617 11:58:06.513"/>
</suite>
<statistics>
<total>
<stat pass="1" fail="0" skip="0">All Tests</stat>
</total>
<tag>
<stat pass="1" fail="0" skip="0">addItem</stat>
</tag>
<suite>
<stat pass="1" fail="0" skip="0" id="s1" name="Item added">Item added</stat>
</suite>
</statistics>
<errors>
</errors>
</robot>
