<?xml version="1.0" encoding="UTF-8"?>
<robot generator="Robot 5.0 (Python 3.7.9 on win32)" generated="20220701 12:12:34.578" rpa="false" schemaversion="3">
<suite id="s1" name="API" source="C:\Users\ett19809\PycharmProjects\Demo_Project_RobotFramework\Useful_Libraries\API.robot">
<test id="s1-t1" name="Make a simple REST API call" line="6">
<kw name="Check github username">
<kw name="Create Session" library="RequestsLibrary">
<arg>my_github_session</arg>
<arg>https://api.github.com</arg>
<doc>Create Session: create a HTTP session to a server</doc>
<msg timestamp="20220701 12:12:34.978" level="INFO">Creating Session using : alias=my_github_session, url=https://api.github.com, headers={},                     cookies={}, auth=None, timeout=None, proxies=None, verify=False,                     debug=0 </msg>
<status status="PASS" starttime="20220701 12:12:34.978" endtime="20220701 12:12:34.978"/>
</kw>
<kw name="GET On Session" library="RequestsLibrary">
<var>${response}</var>
<arg>my_github_session</arg>
<arg>users/robotframeworktutorial</arg>
<doc>Sends a GET request on a previously created HTTP Session.</doc>
<msg timestamp="20220701 12:12:35.317" level="INFO">GET Request : url=https://api.github.com/users/robotframeworktutorial 
 path_url=/users/robotframeworktutorial 
 headers={'User-Agent': 'python-requests/2.27.1', 'Accept-Encoding': 'gzip, deflate', 'Accept': '*/*', 'Connection': 'keep-alive'} 
 body=None 
 </msg>
<msg timestamp="20220701 12:12:35.317" level="INFO">GET Response : url=https://api.github.com/users/robotframeworktutorial 
 status=200, reason=OK 
 headers={'Server': 'GitHub.com', 'Date': 'Fri, 01 Jul 2022 09:12:35 GMT', 'Content-Type': 'application/json; charset=utf-8', 'Cache-Control': 'public, max-age=60, s-maxage=60', 'Vary': 'Accept, Accept-Encoding, Accept, X-Requested-With', 'ETag': 'W/"e2e8a2d630edae238e76f577e39dc5c926a25ff70b1198f99a1eac9012a2fd96"', 'Last-Modified': 'Tue, 08 May 2018 23:55:40 GMT', 'X-GitHub-Media-Type': 'github.v3; format=json', 'Access-Control-Expose-Headers': 'ETag, Link, Location, Retry-After, X-GitHub-OTP, X-RateLimit-Limit, X-RateLimit-Remaining, X-RateLimit-Used, X-RateLimit-Resource, X-RateLimit-Reset, X-OAuth-Scopes, X-Accepted-OAuth-Scopes, X-Poll-Interval, X-GitHub-Media-Type, X-GitHub-SSO, X-GitHub-Request-Id, Deprecation, Sunset', 'Access-Control-Allow-Origin': '*', 'Strict-Transport-Security': 'max-age=31536000; includeSubdomains; preload', 'X-Frame-Options': 'deny', 'X-Content-Type-Options': 'nosniff', 'X-XSS-Protection': '0', 'Referrer-Policy': 'origin-when-cross-origin, strict-origin-when-cross-origin', 'Content-Security-Policy': "default-src 'none'", 'Content-Encoding': 'gzip', 'X-RateLimit-Limit': '60', 'X-RateLimit-Remaining': '57', 'X-RateLimit-Reset': '1656669799', 'X-RateLimit-Resource': 'core', 'X-RateLimit-Used': '3', 'Accept-Ranges': 'bytes', 'Content-Length': '564', 'X-GitHub-Request-Id': 'D6B7:3610:3BB37:3ECD2:62BEBA83'} 
 body={"login":"robotframeworktutorial","id":12807727,"node_id":"MDQ6VXNlcjEyODA3NzI3","avatar_url":"https://avatars.githubusercontent.com/u/12807727?v=4","gravatar_id":"","url":"https://api.github.com/users/robotframeworktutorial","html_url":"https://github.com/robotframeworktutorial","followers_url":"https://api.github.com/users/robotframeworktutorial/followers","following_url":"https://api.github.com/users/robotframeworktutorial/following{/other_user}","gists_url":"https://api.github.com/users/robotframeworktutorial/gists{/gist_id}","starred_url":"https://api.github.com/users/robotframeworktutorial/starred{/owner}{/repo}","subscriptions_url":"https://api.github.com/users/robotframeworktutorial/subscriptions","organizations_url":"https://api.github.com/users/robotframeworktutorial/orgs","repos_url":"https://api.github.com/users/robotframeworktutorial/repos","events_url":"https://api.github.com/users/robotframeworktutorial/events{/privacy}","received_events_url":"https://api.github.com/users/robotframeworktutorial/received_events","type":"User","site_admin":false,"name":"Bryan Lamb","company":"RobotFrameworkTutorial.com","blog":"http://www.robotframeworktutorial.com","location":"Southern California","email":null,"hireable":null,"bio":"Visionary tech leader with 20 years software development experience.","twitter_username":null,"public_repos":1,"public_gists":0,"followers":17,"following":0,"created_at":"2015-06-09T04:10:30Z","updated_at":"2018-05-08T23:55:40Z"} 
 </msg>
<msg timestamp="20220701 12:12:35.317" level="INFO">c:\users\ett19809\appdata\local\programs\python\python37-32\lib\site-packages\urllib3\connectionpool.py:1050: InsecureRequestWarning: Unverified HTTPS request is being made to host 'api.github.com'. Adding certificate verification is strongly advised. See: https://urllib3.readthedocs.io/en/1.26.x/advanced-usage.html#ssl-warnings
  InsecureRequestWarning,</msg>
<msg timestamp="20220701 12:12:35.317" level="INFO">${response} = &lt;Response [200]&gt;</msg>
<status status="PASS" starttime="20220701 12:12:34.978" endtime="20220701 12:12:35.317"/>
</kw>
<kw name="Should Be Equal As Strings" library="BuiltIn">
<arg>${response.status_code}</arg>
<arg>200</arg>
<doc>Fails if objects are unequal after converting them to strings.</doc>
<msg timestamp="20220701 12:12:35.332" level="INFO">Argument types are:
&lt;class 'int'&gt;
&lt;class 'str'&gt;</msg>
<status status="PASS" starttime="20220701 12:12:35.317" endtime="20220701 12:12:35.332"/>
</kw>
<kw name="Set Variable" library="BuiltIn">
<var>${json}</var>
<arg>${response.json()}</arg>
<doc>Returns the given values which can then be assigned to a variables.</doc>
<msg timestamp="20220701 12:12:35.332" level="INFO">${json} = {'login': 'robotframeworktutorial', 'id': 12807727, 'node_id': 'MDQ6VXNlcjEyODA3NzI3', 'avatar_url': 'https://avatars.githubusercontent.com/u/12807727?v=4', 'gravatar_id': '', 'url': 'https://api.gith...</msg>
<status status="PASS" starttime="20220701 12:12:35.332" endtime="20220701 12:12:35.332"/>
</kw>
<kw name="Should Be Equal As Strings" library="BuiltIn">
<arg>${json['login']}</arg>
<arg>robotframeworktutorial</arg>
<doc>Fails if objects are unequal after converting them to strings.</doc>
<status status="PASS" starttime="20220701 12:12:35.332" endtime="20220701 12:12:35.332"/>
</kw>
<kw name="Log" library="BuiltIn">
<arg>${json}</arg>
<doc>Logs the given message with the given level.</doc>
<msg timestamp="20220701 12:12:35.332" level="INFO">{'login': 'robotframeworktutorial', 'id': 12807727, 'node_id': 'MDQ6VXNlcjEyODA3NzI3', 'avatar_url': 'https://avatars.githubusercontent.com/u/12807727?v=4', 'gravatar_id': '', 'url': 'https://api.github.com/users/robotframeworktutorial', 'html_url': 'https://github.com/robotframeworktutorial', 'followers_url': 'https://api.github.com/users/robotframeworktutorial/followers', 'following_url': 'https://api.github.com/users/robotframeworktutorial/following{/other_user}', 'gists_url': 'https://api.github.com/users/robotframeworktutorial/gists{/gist_id}', 'starred_url': 'https://api.github.com/users/robotframeworktutorial/starred{/owner}{/repo}', 'subscriptions_url': 'https://api.github.com/users/robotframeworktutorial/subscriptions', 'organizations_url': 'https://api.github.com/users/robotframeworktutorial/orgs', 'repos_url': 'https://api.github.com/users/robotframeworktutorial/repos', 'events_url': 'https://api.github.com/users/robotframeworktutorial/events{/privacy}', 'received_events_url': 'https://api.github.com/users/robotframeworktutorial/received_events', 'type': 'User', 'site_admin': False, 'name': 'Bryan Lamb', 'company': 'RobotFrameworkTutorial.com', 'blog': 'http://www.robotframeworktutorial.com', 'location': 'Southern California', 'email': None, 'hireable': None, 'bio': 'Visionary tech leader with 20 years software development experience.', 'twitter_username': None, 'public_repos': 1, 'public_gists': 0, 'followers': 17, 'following': 0, 'created_at': '2015-06-09T04:10:30Z', 'updated_at': '2018-05-08T23:55:40Z'}</msg>
<status status="PASS" starttime="20220701 12:12:35.332" endtime="20220701 12:12:35.332"/>
</kw>
<status status="PASS" starttime="20220701 12:12:34.978" endtime="20220701 12:12:35.332"/>
</kw>
<tag>api</tag>
<status status="PASS" starttime="20220701 12:12:34.978" endtime="20220701 12:12:35.332"/>
</test>
<status status="PASS" starttime="20220701 12:12:34.593" endtime="20220701 12:12:35.343"/>
</suite>
<statistics>
<total>
<stat pass="1" fail="0" skip="0">All Tests</stat>
</total>
<tag>
<stat pass="1" fail="0" skip="0">api</stat>
</tag>
<suite>
<stat pass="1" fail="0" skip="0" id="s1" name="API">API</stat>
</suite>
</statistics>
<errors>
</errors>
</robot>
