<?xml version="1.0" encoding="UTF-8"?>
<robot generator="Robot 5.0 (Python 3.7.4 on win32)" generated="20241007 12:37:59.414" rpa="false" schemaversion="3">
<suite id="s1" name="File Upload" source="C:\Users\Mehme\PycharmProjects\Demo_Project_RobotFramework\Tax_platform\file_upload.robot">
<test id="s1-t1" name="Verify file uploading" line="11">
<kw name="Test Specific Setup" type="SETUP">
<kw name="Open Browser" library="SeleniumLibrary">
<arg>${URL}</arg>
<arg>${BROWSER}</arg>
<doc>Opens a new browser instance to the optional ``url``.</doc>
<msg timestamp="20241007 12:37:59.591" level="INFO">Opening browser 'chrome' to base url 'https://the-internet.herokuapp.com/upload'.</msg>
<status status="PASS" starttime="20241007 12:37:59.591" endtime="20241007 12:38:02.977"/>
</kw>
<kw name="Maximize Browser Window" library="SeleniumLibrary">
<doc>Maximizes current browser window.</doc>
<status status="PASS" starttime="20241007 12:38:02.978" endtime="20241007 12:38:03.007"/>
</kw>
<status status="PASS" starttime="20241007 12:37:59.590" endtime="20241007 12:38:03.007"/>
</kw>
<kw name="Wait Until Page Contains Element" library="SeleniumLibrary">
<arg>id=file-upload</arg>
<doc>Waits until the element ``locator`` appears on the current page.</doc>
<status status="PASS" starttime="20241007 12:38:03.007" endtime="20241007 12:38:03.018"/>
</kw>
<kw name="Set Variable" library="BuiltIn">
<var>${image_path}</var>
<arg>C:\\Users\\Mehme\\PycharmProjects\\Demo_Project_RobotFramework\\Tax_platform</arg>
<doc>Returns the given values which can then be assigned to a variables.</doc>
<msg timestamp="20241007 12:38:03.019" level="INFO">${image_path} = C:\Users\Mehme\PycharmProjects\Demo_Project_RobotFramework\Tax_platform</msg>
<status status="PASS" starttime="20241007 12:38:03.019" endtime="20241007 12:38:03.019"/>
</kw>
<kw name="Choose File" library="SeleniumLibrary">
<arg>id=file-upload</arg>
<arg>C:\\Users\\Mehme\\PycharmProjects\\Demo_Project_RobotFramework\\Tax_platform/dummy.jpg</arg>
<doc>Inputs the ``file_path`` into the file input field ``locator``.</doc>
<msg timestamp="20241007 12:38:03.019" level="INFO">Sending C:\Users\Mehme\PycharmProjects\Demo_Project_RobotFramework\Tax_platform\dummy.jpg to browser.</msg>
<status status="PASS" starttime="20241007 12:38:03.019" endtime="20241007 12:38:03.052"/>
</kw>
<kw name="Sleep" library="BuiltIn">
<arg>3s</arg>
<doc>Pauses the test executed for the given time.</doc>
<msg timestamp="20241007 12:38:06.055" level="INFO">Slept 3 seconds</msg>
<status status="PASS" starttime="20241007 12:38:03.052" endtime="20241007 12:38:06.055"/>
</kw>
<kw name="Click Element" library="SeleniumLibrary">
<arg>id=file-submit</arg>
<doc>Click the element identified by ``locator``.</doc>
<msg timestamp="20241007 12:38:06.056" level="INFO">Clicking element 'id=file-submit'.</msg>
<status status="PASS" starttime="20241007 12:38:06.056" endtime="20241007 12:38:06.296"/>
</kw>
<kw name="Wait Until Page Contains" library="SeleniumLibrary">
<arg>File Uploaded!</arg>
<doc>Waits until ``text`` appears on the current page.</doc>
<status status="PASS" starttime="20241007 12:38:06.297" endtime="20241007 12:38:06.307"/>
</kw>
<kw name="Sleep" library="BuiltIn">
<arg>2s</arg>
<doc>Pauses the test executed for the given time.</doc>
<msg timestamp="20241007 12:38:08.319" level="INFO">Slept 2 seconds</msg>
<status status="PASS" starttime="20241007 12:38:06.308" endtime="20241007 12:38:08.319"/>
</kw>
<kw name="Test Specific Teardown" type="TEARDOWN">
<kw name="Sleep" library="BuiltIn">
<arg>3s</arg>
<doc>Pauses the test executed for the given time.</doc>
<msg timestamp="20241007 12:38:11.320" level="INFO">Slept 3 seconds</msg>
<status status="PASS" starttime="20241007 12:38:08.320" endtime="20241007 12:38:11.320"/>
</kw>
<kw name="Close All Browsers" library="SeleniumLibrary">
<doc>Closes all open browsers and resets the browser cache.</doc>
<status status="PASS" starttime="20241007 12:38:11.320" endtime="20241007 12:38:13.462"/>
</kw>
<status status="PASS" starttime="20241007 12:38:08.320" endtime="20241007 12:38:13.462"/>
</kw>
<status status="PASS" starttime="20241007 12:37:59.590" endtime="20241007 12:38:13.463"/>
</test>
<status status="PASS" starttime="20241007 12:37:59.415" endtime="20241007 12:38:13.464"/>
</suite>
<statistics>
<total>
<stat pass="1" fail="0" skip="0">All Tests</stat>
</total>
<tag>
</tag>
<suite>
<stat pass="1" fail="0" skip="0" id="s1" name="File Upload">File Upload</stat>
</suite>
</statistics>
<errors>
</errors>
</robot>
